Running: C:\Xilinx\14.7\ISE_DS\ISE\bin\nt64\unwrapped\fuse.exe -intstyle ise -incremental -lib secureip -o C:/Projects/xil/l2_fp_adder/fp_adder_test_5_isim_beh.exe -prj C:/Projects/xil/l2_fp_adder/fp_adder_test_5_beh.prj work.fp_adder_test_5 
ISim P.20131013 (signature 0x7708f090)
Number of CPUs detected in this system: 4
Turning on mult-threading, number of parallel sub-compilation jobs: 8 
Determining compilation order of HDL files
Parsing VHDL file "C:/Projects/xil/l2_fp_adder/fp_adder.vhd" into library work
Parsing VHDL file "C:/Projects/xil/l2_fp_adder/fp_adder_test_5.vhd" into library work
Starting static elaboration
Completed static elaboration
Compiling package standard
Compiling package std_logic_1164
Compiling package numeric_std
Compiling architecture fp_adder_arch of entity fp_adder [fp_adder_default]
Compiling architecture behavior of entity fp_adder_test_5
Time Resolution for simulation is 1ps.
Waiting for 1 sub-compilation(s) to finish...
Compiled 6 VHDL Units
Built simulation executable C:/Projects/xil/l2_fp_adder/fp_adder_test_5_isim_beh.exe
Fuse Memory Usage: 36484 KB
Fuse CPU Usage: 577 ms
