Command line:
   l3_stack_tb2_isim_beh.exe
     -simmode  gui
     -simrunnum  0
     -socket  49781

Sun Dec 18 14:07:12 2022


 Elaboration Time: 0.09375 sec

 Current Memory Usage: 675.279 Meg

 Total Signals          : 31
 Total Nets             : 189
 Total Signal Drivers   : 23
 Total Blocks           : 4
 Total Primitive Blocks : 3
 Total Processes        : 14
 Total Traceable Variables  : 16
 Total Scalar Nets and Variables : 675

** Failure:Simulation completed
User(VHDL) Code Called Simulation Stop
In process l3_stack_tb2.vhd:stim_proc 
 


 Total Simulation Time: 3.14063 sec

 Current Memory Usage: 675.279 Meg

Sun Dec 18 14:14:53 2022

